#
# A fatal error has been detected by the Java Runtime Environment:
#
#  EXCEPTION_STACK_OVERFLOW (0xc00000fd) at pc=0x7722b4ac, pid=6072, tid=6624
#
# JRE version: 6.0_31-b05
# Java VM: Java HotSpot(TM) Client VM (20.6-b01 mixed mode, sharing windows-x86 )
# Problematic frame:
# C  [msvcrt.dll+0xb4ac]
#
# If you would like to submit a bug report, please visit:
#   http://java.sun.com/webapps/bugreport/crash.jsp
# The crash happened outside the Java Virtual Machine in native code.
# See problematic frame for where to report the bug.
#

---------------  T H R E A D  ---------------

Current thread (0x01969800):  JavaThread "main" [_thread_in_native, id=6624, stack(0x01970000,0x019c0000)]

siginfo: ExceptionCode=0xc00000fd, ExceptionInformation=0x00000001 0x01970fa8 

Registers:
EAX=0x01971448, EBX=0x00000000, ECX=0x717f32a0, EDX=0x59e723f4
ESP=0x01970fac, EBP=0x01971424, ESI=0x01971504, EDI=0x01971504
EIP=0x7722b4ac, EFLAGS=0x00010202

Top of Stack: (sp=0x01970fac)
0x01970fac:   00000000 00000000 00000000 00000000
0x01970fbc:   00000000 00000000 00000000 00000000
0x01970fcc:   00000000 00000000 00000000 00000000
0x01970fdc:   00000000 00000000 00000000 00000000
0x01970fec:   00000000 00000000 00000000 00000000
0x01970ffc:   00000000 00000000 00000000 00000000
0x0197100c:   00000000 00000000 00000000 00000000
0x0197101c:   00000000 019710d8 01971518 7722bcbf 

Instructions: (pc=0x7722b4ac)
0x7722b48c:   c0 eb f1 90 90 90 90 90 8b ff 55 8b ec 81 ec 78
0x7722b49c:   04 00 00 a1 0c 06 2c 77 33 c5 89 45 fc 8b 45 08
0x7722b4ac:   53 8b 5d 14 56 33 f6 57 ff 75 10 8b 7d 0c 8d 8d
0x7722b4bc:   b4 fb ff ff 89 85 dc fb ff ff 89 9d e8 fb ff ff 


Register to memory mapping:

EAX=